<?xml version="1.0" encoding="UTF-8"?>
<testsuite xmlns:xsi="http://www.w3.org/2001/XMLSchema-instance" xsi:noNamespaceSchemaLocation="https://maven.apache.org/surefire/maven-surefire-plugin/xsd/surefire-test-report-3.0.xsd" version="3.0" name="org.example.TestRunner.Runners" time="258.276" tests="19" errors="0" skipped="0" failures="4">
  <properties>
[...]
</properties>
  <testcase name="runScenario" classname="org.example.TestRunner.Runners" time="34.172">
    <failure message="target frame detached&#10;  (failed to check if window was closed: disconnected: unable to connect to renderer)&#10;  (Session info: chrome=107.0.5304.107)&#10;Build info: version: &apos;4.6.0&apos;, revision: &apos;79f1c02ae20&apos;&#10;System info: os.name: &apos;Windows 10&apos;, os.arch: &apos;amd64&apos;, os.version: &apos;10.0&apos;, java.version: &apos;19&apos;&#10;Driver info: org.openqa.selenium.chrome.ChromeDriver&#10;Command: [564b4005e71049d463446257f3c5bbb0, findElement {using=xpath, value=//div[@class=&quot;result&quot;]}]&#10;Capabilities {acceptInsecureCerts: false, browserName: chrome, browserVersion: 107.0.5304.107, chrome: {chromedriverVersion: 107.0.5304.62 (1eec40d3a576..., userDataDir: C:\Users\FIXSTO~1\AppData\L...}, goog:chromeOptions: {debuggerAddress: localhost:65391}, networkConnectionEnabled: false, pageLoadStrategy: normal, platformName: WINDOWS, proxy: Proxy(), se:cdp: ws://localhost:65391/devtoo..., se:cdpVersion: 107.0.5304.107, setWindowRect: true, strictFileInteractability: false, timeouts: {implicit: 0, pageLoad: 300000, script: 30000}, unhandledPromptBehavior: dismiss and notify, webauthn:extension:credBlob: true, webauthn:extension:largeBlob: true, webauthn:virtualAuthenticators: true}&#10;Session ID: 564b4005e71049d463446257f3c5bbb0" type="org.openqa.selenium.WebDriverException"><![CDATA[org.openqa.selenium.WebDriverException: 
target frame detached
  (failed to check if window was closed: disconnected: unable to connect to renderer)
  (Session info: chrome=107.0.5304.107)
Build info: version: '4.6.0', revision: '79f1c02ae20'
System info: os.name: 'Windows 10', os.arch: 'amd64', os.version: '10.0', java.version: '19'
Driver info: org.openqa.selenium.chrome.ChromeDriver
Command: [564b4005e71049d463446257f3c5bbb0, findElement {using=xpath, value=//div[@class="result"]}]
Capabilities {acceptInsecureCerts: false, browserName: chrome, browserVersion: 107.0.5304.107, chrome: {chromedriverVersion: 107.0.5304.62 (1eec40d3a576..., userDataDir: C:\Users\FIXSTO~1\AppData\L...}, goog:chromeOptions: {debuggerAddress: localhost:65391}, networkConnectionEnabled: false, pageLoadStrategy: normal, platformName: WINDOWS, proxy: Proxy(), se:cdp: ws://localhost:65391/devtoo..., se:cdpVersion: 107.0.5304.107, setWindowRect: true, strictFileInteractability: false, timeouts: {implicit: 0, pageLoad: 300000, script: 30000}, unhandledPromptBehavior: dismiss and notify, webauthn:extension:credBlob: true, webauthn:extension:largeBlob: true, webauthn:virtualAuthenticators: true}
Session ID: 564b4005e71049d463446257f3c5bbb0
]]></failure>
    <system-out><![CDATA[
@smoke
Scenario: guest user could register with valid data successfully &amp#27;[90m# src/main/resources/Features/F001_Register.feature:5&amp#27;[0m
  &amp#27;[32mGiven &amp#27;[0m&amp#27;[32muser go to register page&amp#27;[0m                                 &amp#27;[90m# org.example.stepDefinations.D1_registerStepDefinations.register_page()&amp#27;[0m
  &amp#27;[32mWhen &amp#27;[0m&amp#27;[32muser enter gender type&amp#27;[0m                                    &amp#27;[90m# org.example.stepDefinations.D1_registerStepDefinations.userChooseGender()&amp#27;[0m
  &amp#27;[32mAnd &amp#27;[0m&amp#27;[32muser enter first name "automation" and last name "tester"&amp#27;[0m  &amp#27;[90m# org.example.stepDefinations.D1_registerStepDefinations.enterData()&amp#27;[0m
  &amp#27;[32mAnd &amp#27;[0m&amp#27;[32muser enter date of birth&amp#27;[0m                                   &amp#27;[90m# org.example.stepDefinations.D1_registerStepDefinations.enterBirthDate()&amp#27;[0m
  &amp#27;[32mAnd &amp#27;[0m&amp#27;[32muser enter email and companyName&amp#27;[0m                           &amp#27;[90m# org.example.stepDefinations.D1_registerStepDefinations.emailAndCompany()&amp#27;[0m
  &amp#27;[32mAnd &amp#27;[0m&amp#27;[32muser fills Password fields "123456" "123456"&amp#27;[0m               &amp#27;[90m# org.example.stepDefinations.D1_registerStepDefinations.enterPassword()&amp#27;[0m
  &amp#27;[32mAnd &amp#27;[0m&amp#27;[32muser clicks on register button&amp#27;[0m                             &amp#27;[90m# org.example.stepDefinations.D1_registerStepDefinations.regButton()&amp#27;[0m
  &amp#27;[31mThen &amp#27;[0m&amp#27;[31msuccess message is displayed&amp#27;[0m                              &amp#27;[90m# org.example.stepDefinations.D1_registerStepDefinations.SuccessMessage()&amp#27;[0m
      &amp#27;[31morg.openqa.selenium.WebDriverException: target frame detached
  (failed to check if window was closed: disconnected: unable to connect to renderer)
  (Session info: chrome=107.0.5304.107)
Build info: version: '4.6.0', revision: '79f1c02ae20'
System info: os.name: 'Windows 10', os.arch: 'amd64', os.version: '10.0', java.version: '19'
Driver info: org.openqa.selenium.chrome.ChromeDriver
Command: [564b4005e71049d463446257f3c5bbb0, findElement {using=xpath, value=//div[@class="result"]}]
Capabilities {acceptInsecureCerts: false, browserName: chrome, browserVersion: 107.0.5304.107, chrome: {chromedriverVersion: 107.0.5304.62 (1eec40d3a576..., userDataDir: C:\Users\FIXSTO~1\AppData\L...}, goog:chromeOptions: {debuggerAddress: localhost:65391}, networkConnectionEnabled: false, pageLoadStrategy: normal, platformName: WINDOWS, proxy: Proxy(), se:cdp: ws://localhost:65391/devtoo..., se:cdpVersion: 107.0.5304.107, setWindowRect: true, strictFileInteractability: false, timeouts: {implicit: 0, pageLoad: 300000, script: 30000}, unhandledPromptBehavior: dismiss and notify, webauthn:extension:credBlob: true, webauthn:extension:largeBlob: true, webauthn:virtualAuthenticators: true}
Session ID: 564b4005e71049d463446257f3c5bbb0
	at java.base/jdk.internal.reflect.DirectConstructorHandleAccessor.newInstance(DirectConstructorHandleAccessor.java:67)
	at java.base/java.lang.reflect.Constructor.newInstanceWithCaller(Constructor.java:500)
	at java.base/java.lang.reflect.Constructor.newInstance(Constructor.java:484)
	at org.openqa.selenium.remote.codec.w3c.W3CHttpResponseCodec.createException(W3CHttpResponseCodec.java:200)
	at org.openqa.selenium.remote.codec.w3c.W3CHttpResponseCodec.decode(W3CHttpResponseCodec.java:133)
	at org.openqa.selenium.remote.codec.w3c.W3CHttpResponseCodec.decode(W3CHttpResponseCodec.java:53)
	at org.openqa.selenium.remote.HttpCommandExecutor.execute(HttpCommandExecutor.java:184)
	at org.openqa.selenium.remote.service.DriverCommandExecutor.invokeExecute(DriverCommandExecutor.java:167)
	at org.openqa.selenium.remote.service.DriverCommandExecutor.execute(DriverCommandExecutor.java:142)
	at org.openqa.selenium.remote.RemoteWebDriver.execute(RemoteWebDriver.java:541)
	at org.openqa.selenium.remote.ElementLocation$ElementFinder$2.findElement(ElementLocation.java:162)
	at org.openqa.selenium.remote.ElementLocation.findElement(ElementLocation.java:60)
	at org.openqa.selenium.remote.RemoteWebDriver.findElement(RemoteWebDriver.java:365)
	at org.openqa.selenium.remote.RemoteWebDriver.findElement(RemoteWebDriver.java:357)
	at org.example.Pages.P01_registerPom.sucssesMasege(P01_registerPom.java:84)
	at org.example.stepDefinations.D1_registerStepDefinations.SuccessMessage(D1_registerStepDefinations.java:59)
	at ✽.success message is displayed(file:///D:/palo/New%20folder%20(2)/Ecomerce/src/main/resources/Features/F001_Register.feature:13)
&amp#27;[0m
]]></system-out>
    <system-err><![CDATA[SLF4J: Failed to load class "org.slf4j.impl.StaticLoggerBinder".
SLF4J: Defaulting to no-operation (NOP) logger implementation
SLF4J: See http://www.slf4j.org/codes.html#StaticLoggerBinder for further details.
Starting ChromeDriver 107.0.5304.62 (1eec40d3a5764881c92085aaee66d25075c159aa-refs/branch-heads/5304@{#942}) on port 36423
Only local connections are allowed.
Please see https://chromedriver.chromium.org/security-considerations for suggestions on keeping ChromeDriver safe.
ChromeDriver was started successfully.
[1668537027.445][WARNING]: Timed out connecting to Chrome, retrying...
[1668537035.526][WARNING]: Timed out connecting to Chrome, retrying...
]]></system-err>
  </testcase>
  <testcase name="runScenario" classname="org.example.TestRunner.Runners" time="13.283"/>
  <testcase name="runScenario" classname="org.example.TestRunner.Runners" time="13.554"/>
  <testcase name="runScenario" classname="org.example.TestRunner.Runners" time="9.448"/>
  <testcase name="runScenario" classname="org.example.TestRunner.Runners" time="18.591"/>
  <testcase name="runScenario" classname="org.example.TestRunner.Runners" time="18.914"/>
  <testcase name="runScenario" classname="org.example.TestRunner.Runners" time="19.199"/>
  <testcase name="runScenario" classname="org.example.TestRunner.Runners" time="10.556"/>
  <testcase name="runScenario" classname="org.example.TestRunner.Runners" time="10.356"/>
  <testcase name="runScenario" classname="org.example.TestRunner.Runners" time="9.892"/>
  <testcase name="runScenario" classname="org.example.TestRunner.Runners" time="8.931"/>
  <testcase name="runScenario" classname="org.example.TestRunner.Runners" time="7.634">
    <failure message="This is First Url expected [ https://demo.nopcommerce.com/nokia-lumia-1020] but found [https://demo.nopcommerce.com/]" type="java.lang.AssertionError"><![CDATA[java.lang.AssertionError: This is First Url expected [ https://demo.nopcommerce.com/nokia-lumia-1020] but found [https://demo.nopcommerce.com/]
]]></failure>
    <system-out><![CDATA[
@smoke
Scenario: first slider is clickable         &amp#27;[90m# src/main/resources/Features/F006_homeSliders.feature:3&amp#27;[0m
  &amp#27;[32mWhen &amp#27;[0m&amp#27;[32muser can click on first slider&amp#27;[0m       &amp#27;[90m# org.example.stepDefinations.D06_homeSlidersStepDef.userCanClickOnFirstSlider()&amp#27;[0m
  &amp#27;[31mThen &amp#27;[0m&amp#27;[31mnavigate to the page of first slider&amp#27;[0m &amp#27;[90m# org.example.stepDefinations.D06_homeSlidersStepDef.navigateToThePageOfFirstSlider()&amp#27;[0m
      &amp#27;[31mjava.lang.AssertionError: This is First Url expected [ https://demo.nopcommerce.com/nokia-lumia-1020] but found [https://demo.nopcommerce.com/]
	at org.testng.Assert.fail(Assert.java:110)
	at org.testng.Assert.failNotEquals(Assert.java:1413)
	at org.testng.Assert.assertEqualsImpl(Assert.java:149)
	at org.testng.Assert.assertEquals(Assert.java:131)
	at org.testng.Assert.assertEquals(Assert.java:655)
	at org.example.stepDefinations.D06_homeSlidersStepDef.navigateToThePageOfFirstSlider(D06_homeSlidersStepDef.java:25)
	at ✽.navigate to the page of first slider(file:///D:/palo/New%20folder%20(2)/Ecomerce/src/main/resources/Features/F006_homeSliders.feature:5)
&amp#27;[0m
]]></system-out>
    <system-err><![CDATA[Starting ChromeDriver 107.0.5304.62 (1eec40d3a5764881c92085aaee66d25075c159aa-refs/branch-heads/5304@{#942}) on port 38980
Only local connections are allowed.
Please see https://chromedriver.chromium.org/security-considerations for suggestions on keeping ChromeDriver safe.
ChromeDriver was started successfully.
]]></system-err>
  </testcase>
  <testcase name="runScenario" classname="org.example.TestRunner.Runners" time="7.873">
    <failure message="This is second Url expected [https://demo.nopcommerce.com/iphone-6] but found [https://demo.nopcommerce.com/]" type="java.lang.AssertionError"><![CDATA[java.lang.AssertionError: This is second Url expected [https://demo.nopcommerce.com/iphone-6] but found [https://demo.nopcommerce.com/]
]]></failure>
    <system-out><![CDATA[
@smoke
Scenario: second slider is clickable         &amp#27;[90m# src/main/resources/Features/F006_homeSliders.feature:7&amp#27;[0m
  &amp#27;[32mWhen &amp#27;[0m&amp#27;[32muser can click on second slider&amp#27;[0m       &amp#27;[90m# org.example.stepDefinations.D06_homeSlidersStepDef.userCanClickOnSecondSlider()&amp#27;[0m
  &amp#27;[31mThen &amp#27;[0m&amp#27;[31mnavigate to the page of second slider&amp#27;[0m &amp#27;[90m# org.example.stepDefinations.D06_homeSlidersStepDef.navigateToThePageOfSecondSlider()&amp#27;[0m
      &amp#27;[31mjava.lang.AssertionError: This is second Url expected [https://demo.nopcommerce.com/iphone-6] but found [https://demo.nopcommerce.com/]
	at org.testng.Assert.fail(Assert.java:110)
	at org.testng.Assert.failNotEquals(Assert.java:1413)
	at org.testng.Assert.assertEqualsImpl(Assert.java:149)
	at org.testng.Assert.assertEquals(Assert.java:131)
	at org.testng.Assert.assertEquals(Assert.java:655)
	at org.example.stepDefinations.D06_homeSlidersStepDef.navigateToThePageOfSecondSlider(D06_homeSlidersStepDef.java:39)
	at ✽.navigate to the page of second slider(file:///D:/palo/New%20folder%20(2)/Ecomerce/src/main/resources/Features/F006_homeSliders.feature:9)
&amp#27;[0m
]]></system-out>
    <system-err><![CDATA[Starting ChromeDriver 107.0.5304.62 (1eec40d3a5764881c92085aaee66d25075c159aa-refs/branch-heads/5304@{#942}) on port 7076
Only local connections are allowed.
Please see https://chromedriver.chromium.org/security-considerations for suggestions on keeping ChromeDriver safe.
ChromeDriver was started successfully.
]]></system-err>
  </testcase>
  <testcase name="runScenario" classname="org.example.TestRunner.Runners" time="9.653"/>
  <testcase name="runScenario" classname="org.example.TestRunner.Runners" time="9.61"/>
  <testcase name="runScenario" classname="org.example.TestRunner.Runners" time="8.288">
    <failure message="Index 1 out of bounds for length 1" type="java.lang.IndexOutOfBoundsException"><![CDATA[java.lang.IndexOutOfBoundsException: Index 1 out of bounds for length 1
]]></failure>
    <system-out><![CDATA[
@smoke
Scenario: user navigate to rss    &amp#27;[90m# src/main/resources/Features/F007_followUs.feature:13&amp#27;[0m
  &amp#27;[32mWhen &amp#27;[0m&amp#27;[32muser opens rss link&amp#27;[0m        &amp#27;[90m# org.example.stepDefinations.D07_followUsStepDef.userOpensRssLink()&amp#27;[0m
  &amp#27;[31mThen &amp#27;[0m&amp#27;[31mrss is Opened in a new tab&amp#27;[0m &amp#27;[90m# org.example.stepDefinations.D07_followUsStepDef.rssIsOpenedInANewTab()&amp#27;[0m
      &amp#27;[31mjava.lang.IndexOutOfBoundsException: Index 1 out of bounds for length 1
	at java.base/jdk.internal.util.Preconditions.outOfBounds(Preconditions.java:100)
	at java.base/jdk.internal.util.Preconditions.outOfBoundsCheckIndex(Preconditions.java:106)
	at java.base/jdk.internal.util.Preconditions.checkIndex(Preconditions.java:302)
	at java.base/java.util.Objects.checkIndex(Objects.java:385)
	at java.base/java.util.ArrayList.get(ArrayList.java:427)
	at org.example.Pages.P04_homePagePom.assertRss(P04_homePagePom.java:126)
	at org.example.stepDefinations.D07_followUsStepDef.rssIsOpenedInANewTab(D07_followUsStepDef.java:49)
	at ✽.rss is Opened in a new tab(file:///D:/palo/New%20folder%20(2)/Ecomerce/src/main/resources/Features/F007_followUs.feature:15)
&amp#27;[0m
]]></system-out>
    <system-err><![CDATA[Starting ChromeDriver 107.0.5304.62 (1eec40d3a5764881c92085aaee66d25075c159aa-refs/branch-heads/5304@{#942}) on port 16661
Only local connections are allowed.
Please see https://chromedriver.chromium.org/security-considerations for suggestions on keeping ChromeDriver safe.
ChromeDriver was started successfully.
]]></system-err>
  </testcase>
  <testcase name="runScenario" classname="org.example.TestRunner.Runners" time="12.829"/>
  <testcase name="runScenario" classname="org.example.TestRunner.Runners" time="9.647"/>
  <testcase name="runScenario" classname="org.example.TestRunner.Runners" time="23.746"/>
</testsuite>